<?xml version="1.0" encoding="UTF-8"?>
<testsuite xmlns:xsi="http://www.w3.org/2001/XMLSchema-instance" xsi:noNamespaceSchemaLocation="https://maven.apache.org/surefire/maven-surefire-plugin/xsd/surefire-test-report.xsd" version="3.0.2" name="com.example.paymentservice.repository.payment.PaymentRepositoryTest" time="3.813" tests="1" errors="0" skipped="0" failures="0">
  <properties>
[...]
</properties>
  <testcase name="shouldLoadRepository" classname="com.example.paymentservice.repository.payment.PaymentRepositoryTest" time="0.679">
    <system-out><![CDATA[10:43:55.527 [main] INFO org.springframework.test.context.support.AnnotationConfigContextLoaderUtils -- Could not detect default configuration classes for test class [com.example.paymentservice.repository.payment.PaymentRepositoryTest]: PaymentRepositoryTest does not declare any static, non-private, non-final, nested classes annotated with @Configuration.
10:43:55.631 [main] INFO org.springframework.boot.test.context.SpringBootTestContextBootstrapper -- Found @SpringBootConfiguration com.example.paymentservice.PaymentServiceApplication for test class com.example.paymentservice.repository.payment.PaymentRepositoryTest

  .   ____          _            __ _ _
 /\\ / ___'_ __ _ _(_)_ __  __ _ \ \ \ \
( ( )\___ | '_ | '_| | '_ \/ _` | \ \ \ \
 \\/  ___)| |_)| | | | | || (_| |  ) ) ) )
  '  |____| .__|_| |_|_| |_\__, | / / / /
 =========|_|==============|___/=/_/_/_/

 :: Spring Boot ::                (v3.4.4)

2026-04-03T10:43:55.958+01:00  INFO 36085 --- [payment-service] [           main] c.e.p.r.payment.PaymentRepositoryTest    : Starting PaymentRepositoryTest using Java 20.0.2 with PID 36085 (started by amanmacbookpro in /Users/amanmacbookpro/Desktop/Visa Documents/Dubai/Last Statement]/Ikran/Manzar/Microservices/WalletMerchent/payment-service)
2026-04-03T10:43:55.959+01:00  INFO 36085 --- [payment-service] [           main] c.e.p.r.payment.PaymentRepositoryTest    : No active profile set, falling back to 1 default profile: "default"
2026-04-03T10:43:56.266+01:00  INFO 36085 --- [payment-service] [           main] .s.d.r.c.RepositoryConfigurationDelegate : Bootstrapping Spring Data JPA repositories in DEFAULT mode.
2026-04-03T10:43:56.312+01:00  INFO 36085 --- [payment-service] [           main] .s.d.r.c.RepositoryConfigurationDelegate : Finished Spring Data repository scanning in 37 ms. Found 2 JPA repository interfaces.
2026-04-03T10:43:56.377+01:00  INFO 36085 --- [payment-service] [           main] beddedDataSourceBeanFactoryPostProcessor : Replacing 'dataSource' DataSource bean with embedded version
2026-04-03T10:43:56.494+01:00  INFO 36085 --- [payment-service] [           main] o.s.j.d.e.EmbeddedDatabaseFactory        : Starting embedded database: url='jdbc:h2:mem:0ed7c771-70e0-4a7a-be3e-60e81e1d1580;DB_CLOSE_DELAY=-1;DB_CLOSE_ON_EXIT=false', username='sa'
2026-04-03T10:43:56.756+01:00  INFO 36085 --- [payment-service] [           main] org.flywaydb.core.FlywayExecutor         : Database: jdbc:h2:mem:0ed7c771-70e0-4a7a-be3e-60e81e1d1580 (H2 2.3)
2026-04-03T10:43:56.771+01:00  WARN 36085 --- [payment-service] [           main] o.f.c.internal.database.base.Database    : Flyway upgrade recommended: H2 2.3.232 is newer than this version of Flyway and support has not been tested. The latest supported version of H2 is 2.2.224.
2026-04-03T10:43:56.794+01:00  INFO 36085 --- [payment-service] [           main] o.f.c.i.s.JdbcTableSchemaHistory         : Schema history table "PUBLIC"."flyway_schema_history" does not exist yet
2026-04-03T10:43:56.796+01:00  INFO 36085 --- [payment-service] [           main] o.f.core.internal.command.DbValidate     : Successfully validated 1 migration (execution time 00:00.011s)
2026-04-03T10:43:56.803+01:00  INFO 36085 --- [payment-service] [           main] o.f.c.i.s.JdbcTableSchemaHistory         : Creating Schema History table "PUBLIC"."flyway_schema_history" ...
2026-04-03T10:43:56.831+01:00  INFO 36085 --- [payment-service] [           main] o.f.core.internal.command.DbMigrate      : Current version of schema "PUBLIC": << Empty Schema >>
2026-04-03T10:43:56.838+01:00  INFO 36085 --- [payment-service] [           main] o.f.core.internal.command.DbMigrate      : Migrating schema "PUBLIC" to version "1 - create payment tables"
2026-04-03T10:43:56.855+01:00  INFO 36085 --- [payment-service] [           main] o.f.core.internal.command.DbMigrate      : Successfully applied 1 migration to schema "PUBLIC", now at version v1 (execution time 00:00.007s)
2026-04-03T10:43:56.926+01:00  INFO 36085 --- [payment-service] [           main] o.hibernate.jpa.internal.util.LogHelper  : HHH000204: Processing PersistenceUnitInfo [name: default]
2026-04-03T10:43:56.980+01:00  INFO 36085 --- [payment-service] [           main] org.hibernate.Version                    : HHH000412: Hibernate ORM core version 6.6.11.Final
2026-04-03T10:43:57.006+01:00  INFO 36085 --- [payment-service] [           main] o.h.c.internal.RegionFactoryInitiator    : HHH000026: Second-level cache disabled
2026-04-03T10:43:57.246+01:00  INFO 36085 --- [payment-service] [           main] o.s.o.j.p.SpringPersistenceUnitInfo      : No LoadTimeWeaver setup: ignoring JPA class transformer
2026-04-03T10:43:57.303+01:00  WARN 36085 --- [payment-service] [           main] org.hibernate.orm.deprecation            : HHH90000025: H2Dialect does not need to be specified explicitly using 'hibernate.dialect' (remove the property setting and it will be selected by default)
2026-04-03T10:43:57.317+01:00  INFO 36085 --- [payment-service] [           main] org.hibernate.orm.connections.pooling    : HHH10001005: Database info:
	Database JDBC URL [Connecting through datasource 'org.springframework.jdbc.datasource.embedded.EmbeddedDatabaseFactory$EmbeddedDataSourceProxy@25cde5bb']
	Database driver: undefined/unknown
	Database version: 2.3.232
	Autocommit mode: undefined/unknown
	Isolation level: undefined/unknown
	Minimum pool size: undefined/unknown
	Maximum pool size: undefined/unknown
2026-04-03T10:43:58.258+01:00  INFO 36085 --- [payment-service] [           main] o.h.e.t.j.p.i.JtaPlatformInitiator       : HHH000489: No JTA platform available (set 'hibernate.transaction.jta.platform' to enable JTA platform integration)
2026-04-03T10:43:58.261+01:00  INFO 36085 --- [payment-service] [           main] j.LocalContainerEntityManagerFactoryBean : Initialized JPA EntityManagerFactory for persistence unit 'default'
2026-04-03T10:43:58.541+01:00  INFO 36085 --- [payment-service] [           main] c.e.p.r.payment.PaymentRepositoryTest    : Started PaymentRepositoryTest in 2.857 seconds (process running for 3.514)
]]></system-out>
  </testcase>
</testsuite>